2022-05-25 18:53:04,844 [MainThread  ] [INFO ]  Result folder: results\nst-stroke\05.25.22-18.53.04-1

2022-05-25 18:53:07,614 [MainThread  ] [INFO ]  Pretrained weights loaded successfully!

2022-05-25 18:53:36,195 [MainThread  ] [INFO ]  Optimizing brushstroke-styled canvas..

2022-05-25 18:54:25,232 [Thread-1    ] [INFO ]  05.25.22-18.53.04-1	 Elapsed time 1.36mins (ETA N/A)	Epoch 1 Iteration 0	stroke-feature-loss	39.65573	stroke-style-loss	28.69430	stroke-content-loss	7.50707	stroke-tv-loss	495.14664	stroke-curvature-loss	0.53112

2022-05-25 19:02:48,108 [Thread-1    ] [INFO ]  05.25.22-18.53.04-1	 Elapsed time 9.74mins (ETA N/A)	Epoch 1 Iteration 10	stroke-feature-loss	39.38822	stroke-style-loss	26.79803	stroke-content-loss	7.49938	stroke-tv-loss	487.16422	stroke-curvature-loss	0.51831

2022-05-25 19:11:06,087 [Thread-1    ] [INFO ]  05.25.22-18.53.04-1	 Elapsed time 18.04mins (ETA N/A)	Epoch 1 Iteration 20	stroke-feature-loss	41.44035	stroke-style-loss	24.55047	stroke-content-loss	7.49768	stroke-tv-loss	472.84976	stroke-curvature-loss	0.49505

2022-05-25 19:20:53,873 [Thread-1    ] [INFO ]  05.25.22-18.53.04-1	 Elapsed time 27.84mins (ETA N/A)	Epoch 1 Iteration 30	stroke-feature-loss	43.74965	stroke-style-loss	23.22084	stroke-content-loss	7.52552	stroke-tv-loss	459.75897	stroke-curvature-loss	0.47060

2022-05-25 19:29:13,716 [Thread-1    ] [INFO ]  05.25.22-18.53.04-1	 Elapsed time 36.17mins (ETA N/A)	Epoch 1 Iteration 40	stroke-feature-loss	45.39518	stroke-style-loss	22.14882	stroke-content-loss	7.56605	stroke-tv-loss	447.22983	stroke-curvature-loss	0.44587

2022-05-25 19:36:48,466 [Thread-1    ] [INFO ]  05.25.22-18.53.04-1	 Elapsed time 43.75mins (ETA N/A)	Epoch 1 Iteration 50	stroke-feature-loss	47.83535	stroke-style-loss	21.35554	stroke-content-loss	7.61033	stroke-tv-loss	435.22635	stroke-curvature-loss	0.42173

2022-05-25 19:44:06,800 [Thread-1    ] [INFO ]  05.25.22-18.53.04-1	 Elapsed time 51.05mins (ETA N/A)	Epoch 1 Iteration 60	stroke-feature-loss	49.85507	stroke-style-loss	20.77860	stroke-content-loss	7.65002	stroke-tv-loss	423.08810	stroke-curvature-loss	0.39874

2022-05-25 19:53:04,695 [Thread-1    ] [INFO ]  05.25.22-18.53.04-1	 Elapsed time 1.00hrs (ETA N/A)	Epoch 1 Iteration 70	stroke-feature-loss	50.23782	stroke-style-loss	20.31616	stroke-content-loss	7.68183	stroke-tv-loss	411.48177	stroke-curvature-loss	0.37674

2022-05-25 20:02:41,816 [Thread-1    ] [INFO ]  05.25.22-18.53.04-1	 Elapsed time 1.16hrs (ETA N/A)	Epoch 1 Iteration 80	stroke-feature-loss	50.82365	stroke-style-loss	19.94086	stroke-content-loss	7.70751	stroke-tv-loss	400.40520	stroke-curvature-loss	0.35598

2022-05-25 20:11:10,487 [Thread-1    ] [INFO ]  05.25.22-18.53.04-1	 Elapsed time 1.30hrs (ETA N/A)	Epoch 1 Iteration 90	stroke-feature-loss	51.21637	stroke-style-loss	19.63437	stroke-content-loss	7.72909	stroke-tv-loss	389.98143	stroke-curvature-loss	0.33664

2022-05-25 20:17:51,318 [MainThread  ] [INFO ]  Pretrained weights loaded successfully!

2022-05-25 20:17:55,370 [MainThread  ] [INFO ]  Optimizing pixel-wise canvas..

2022-05-25 20:18:01,251 [Thread-1    ] [INFO ]  05.25.22-18.53.04-1	 Elapsed time 1.42hrs (ETA N/A)	Epoch 1 Iteration 0	stroke-feature-loss	50.85944	stroke-style-loss	19.39187	stroke-content-loss	7.74545	stroke-tv-loss	380.44512	stroke-curvature-loss	0.31992	feature-loss	0.00000	pixel-style-loss	6422.94043	pixel-content-loss	24.44678

2022-05-25 20:18:38,173 [Thread-1    ] [INFO ]  05.25.22-18.53.04-1	 Elapsed time 1.43hrs (ETA N/A)	Epoch 1 Iteration 10	feature-loss	18.11187	pixel-style-loss	5776.29199	pixel-content-loss	28.15160

2022-05-25 20:19:16,262 [Thread-1    ] [INFO ]  05.25.22-18.53.04-1	 Elapsed time 1.44hrs (ETA N/A)	Epoch 1 Iteration 20	feature-loss	27.69870	pixel-style-loss	4790.24414	pixel-content-loss	38.55211

2022-05-25 20:19:53,279 [Thread-1    ] [INFO ]  05.25.22-18.53.04-1	 Elapsed time 1.45hrs (ETA N/A)	Epoch 1 Iteration 30	feature-loss	32.38070	pixel-style-loss	3945.28564	pixel-content-loss	49.51273

2022-05-25 20:20:30,668 [Thread-1    ] [INFO ]  05.25.22-18.53.04-1	 Elapsed time 1.46hrs (ETA N/A)	Epoch 1 Iteration 40	feature-loss	40.98188	pixel-style-loss	3327.04932	pixel-content-loss	60.24410

2022-05-25 20:21:08,947 [Thread-1    ] [INFO ]  05.25.22-18.53.04-1	 Elapsed time 1.47hrs (ETA N/A)	Epoch 1 Iteration 50	feature-loss	49.89502	pixel-style-loss	2909.58105	pixel-content-loss	67.44977

2022-05-25 20:21:46,940 [Thread-1    ] [INFO ]  05.25.22-18.53.04-1	 Elapsed time 1.48hrs (ETA N/A)	Epoch 1 Iteration 60	feature-loss	63.86179	pixel-style-loss	2598.34253	pixel-content-loss	72.88981

2022-05-25 20:22:24,527 [Thread-1    ] [INFO ]  05.25.22-18.53.04-1	 Elapsed time 1.49hrs (ETA N/A)	Epoch 1 Iteration 70	feature-loss	74.82712	pixel-style-loss	2354.14966	pixel-content-loss	77.14680

2022-05-25 20:23:02,036 [Thread-1    ] [INFO ]  05.25.22-18.53.04-1	 Elapsed time 1.50hrs (ETA N/A)	Epoch 1 Iteration 80	feature-loss	83.00476	pixel-style-loss	2154.56177	pixel-content-loss	80.64075

2022-05-25 20:23:39,241 [Thread-1    ] [INFO ]  05.25.22-18.53.04-1	 Elapsed time 1.51hrs (ETA N/A)	Epoch 1 Iteration 90	feature-loss	94.08019	pixel-style-loss	1986.66760	pixel-content-loss	83.67099

2022-05-25 20:24:18,555 [Thread-1    ] [INFO ]  05.25.22-18.53.04-1	 Elapsed time 1.52hrs (ETA N/A)	Epoch 1 Iteration 100	feature-loss	99.32843	pixel-style-loss	1843.44104	pixel-content-loss	86.35968

2022-05-25 20:24:57,706 [Thread-1    ] [INFO ]  05.25.22-18.53.04-1	 Elapsed time 1.53hrs (ETA N/A)	Epoch 1 Iteration 110	feature-loss	107.78372	pixel-style-loss	1720.17712	pixel-content-loss	88.75410

2022-05-25 20:25:36,264 [Thread-1    ] [INFO ]  05.25.22-18.53.04-1	 Elapsed time 1.54hrs (ETA N/A)	Epoch 1 Iteration 120	feature-loss	122.09305	pixel-style-loss	1612.75220	pixel-content-loss	90.82816

2022-05-25 20:26:13,952 [Thread-1    ] [INFO ]  05.25.22-18.53.04-1	 Elapsed time 1.55hrs (ETA N/A)	Epoch 1 Iteration 130	feature-loss	130.05130	pixel-style-loss	1517.36108	pixel-content-loss	92.63086

2022-05-25 20:26:51,472 [Thread-1    ] [INFO ]  05.25.22-18.53.04-1	 Elapsed time 1.56hrs (ETA N/A)	Epoch 1 Iteration 140	feature-loss	139.54573	pixel-style-loss	1431.44116	pixel-content-loss	94.22321

2022-05-25 20:27:28,991 [Thread-1    ] [INFO ]  05.25.22-18.53.04-1	 Elapsed time 1.57hrs (ETA N/A)	Epoch 1 Iteration 150	feature-loss	145.76985	pixel-style-loss	1353.37109	pixel-content-loss	95.67934

2022-05-25 20:28:06,556 [Thread-1    ] [INFO ]  05.25.22-18.53.04-1	 Elapsed time 1.58hrs (ETA N/A)	Epoch 1 Iteration 160	feature-loss	150.95875	pixel-style-loss	1281.84412	pixel-content-loss	97.04876

2022-05-25 20:28:44,158 [Thread-1    ] [INFO ]  05.25.22-18.53.04-1	 Elapsed time 1.59hrs (ETA N/A)	Epoch 1 Iteration 170	feature-loss	158.09748	pixel-style-loss	1216.05957	pixel-content-loss	98.32231

2022-05-25 20:29:25,299 [Thread-1    ] [INFO ]  05.25.22-18.53.04-1	 Elapsed time 1.61hrs (ETA N/A)	Epoch 1 Iteration 180	feature-loss	166.97646	pixel-style-loss	1155.32593	pixel-content-loss	99.50391

2022-05-25 20:30:02,976 [Thread-1    ] [INFO ]  05.25.22-18.53.04-1	 Elapsed time 1.62hrs (ETA N/A)	Epoch 1 Iteration 190	feature-loss	171.09341	pixel-style-loss	1099.12488	pixel-content-loss	100.57316

2022-05-25 20:30:36,589 [MainThread  ] [INFO ]  Finished!

2022-05-25 20:30:37,029 [Thread-1    ] [INFO ]  05.25.22-18.53.04-1	 Elapsed time 1.63hrs (ETA N/A)	Epoch 1 Iteration 200	feature-loss	170.22668	pixel-style-loss	1049.43469	pixel-content-loss	101.53732

