2022-06-02 14:17:58,870 [MainThread  ] [INFO ]  Result folder: results\nst-stroke\06.02.22-14.17.58-1

2022-06-02 14:18:02,145 [MainThread  ] [INFO ]  Pretrained weights loaded successfully!

2022-06-02 14:18:24,026 [MainThread  ] [INFO ]  Optimizing brushstroke-styled canvas..

2022-06-02 14:19:35,035 [Thread-1    ] [INFO ]  06.02.22-14.17.58-1	 Elapsed time 1.63mins (ETA N/A)	Epoch 1 Iteration 0	stroke-feature-loss	78.50517	stroke-style-loss	146.37744	stroke-content-loss	254.31223	stroke-tv-loss	29995.76953	stroke-curvature-loss	0.38503

2022-06-02 14:31:16,681 [Thread-1    ] [INFO ]  06.02.22-14.17.58-1	 Elapsed time 13.32mins (ETA N/A)	Epoch 1 Iteration 10	stroke-feature-loss	82.61291	stroke-style-loss	93.84840	stroke-content-loss	286.01704	stroke-tv-loss	29966.72773	stroke-curvature-loss	0.38320

2022-06-02 14:40:42,533 [Thread-1    ] [INFO ]  06.02.22-14.17.58-1	 Elapsed time 22.75mins (ETA N/A)	Epoch 1 Iteration 20	stroke-feature-loss	90.61124	stroke-style-loss	49.88433	stroke-content-loss	342.27464	stroke-tv-loss	29936.83809	stroke-curvature-loss	0.37991

2022-06-02 14:50:31,199 [Thread-1    ] [INFO ]  06.02.22-14.17.58-1	 Elapsed time 32.57mins (ETA N/A)	Epoch 1 Iteration 30	stroke-feature-loss	93.78726	stroke-style-loss	37.14496	stroke-content-loss	382.48413	stroke-tv-loss	29867.14453	stroke-curvature-loss	0.37652

2022-06-02 14:59:50,097 [Thread-1    ] [INFO ]  06.02.22-14.17.58-1	 Elapsed time 41.88mins (ETA N/A)	Epoch 1 Iteration 40	stroke-feature-loss	94.52488	stroke-style-loss	32.60146	stroke-content-loss	405.90597	stroke-tv-loss	29805.24707	stroke-curvature-loss	0.37309

2022-06-02 15:08:40,165 [Thread-1    ] [INFO ]  06.02.22-14.17.58-1	 Elapsed time 50.71mins (ETA N/A)	Epoch 1 Iteration 50	stroke-feature-loss	94.28753	stroke-style-loss	30.36437	stroke-content-loss	417.48487	stroke-tv-loss	29717.32559	stroke-curvature-loss	0.36971

2022-06-02 15:17:26,108 [Thread-1    ] [INFO ]  06.02.22-14.17.58-1	 Elapsed time 59.48mins (ETA N/A)	Epoch 1 Iteration 60	stroke-feature-loss	95.89396	stroke-style-loss	28.96144	stroke-content-loss	424.10132	stroke-tv-loss	29650.81289	stroke-curvature-loss	0.36644

2022-06-02 15:26:14,076 [Thread-1    ] [INFO ]  06.02.22-14.17.58-1	 Elapsed time 1.14hrs (ETA N/A)	Epoch 1 Iteration 70	stroke-feature-loss	98.42548	stroke-style-loss	28.00092	stroke-content-loss	429.03702	stroke-tv-loss	29597.26816	stroke-curvature-loss	0.36324

2022-06-02 15:35:00,582 [Thread-1    ] [INFO ]  06.02.22-14.17.58-1	 Elapsed time 1.28hrs (ETA N/A)	Epoch 1 Iteration 80	stroke-feature-loss	98.89057	stroke-style-loss	27.28807	stroke-content-loss	434.15472	stroke-tv-loss	29538.85742	stroke-curvature-loss	0.36013

2022-06-02 15:43:19,114 [Thread-1    ] [INFO ]  06.02.22-14.17.58-1	 Elapsed time 1.42hrs (ETA N/A)	Epoch 1 Iteration 90	stroke-feature-loss	100.99064	stroke-style-loss	26.72737	stroke-content-loss	438.79770	stroke-tv-loss	29476.93809	stroke-curvature-loss	0.35711

2022-06-02 15:51:53,020 [MainThread  ] [INFO ]  Pretrained weights loaded successfully!

2022-06-02 15:51:57,179 [MainThread  ] [INFO ]  Optimizing pixel-wise canvas..

2022-06-02 15:52:04,090 [Thread-1    ] [INFO ]  06.02.22-14.17.58-1	 Elapsed time 1.57hrs (ETA N/A)	Epoch 1 Iteration 0	stroke-feature-loss	102.46674	stroke-style-loss	26.28545	stroke-content-loss	442.51467	stroke-tv-loss	29423.40603	stroke-curvature-loss	0.35432	feature-loss	0.00000	pixel-style-loss	52177.60547	pixel-content-loss	26.27470

2022-06-02 15:52:51,874 [Thread-1    ] [INFO ]  06.02.22-14.17.58-1	 Elapsed time 1.58hrs (ETA N/A)	Epoch 1 Iteration 10	feature-loss	27.40107	pixel-style-loss	43086.54688	pixel-content-loss	30.01883

2022-06-02 15:53:50,222 [Thread-1    ] [INFO ]  06.02.22-14.17.58-1	 Elapsed time 1.60hrs (ETA N/A)	Epoch 1 Iteration 20	feature-loss	36.43934	pixel-style-loss	30147.66602	pixel-content-loss	45.14898

2022-06-02 15:54:49,645 [Thread-1    ] [INFO ]  06.02.22-14.17.58-1	 Elapsed time 1.61hrs (ETA N/A)	Epoch 1 Iteration 30	feature-loss	69.00569	pixel-style-loss	20967.14648	pixel-content-loss	60.55626

2022-06-02 15:55:40,526 [Thread-1    ] [INFO ]  06.02.22-14.17.58-1	 Elapsed time 1.63hrs (ETA N/A)	Epoch 1 Iteration 40	feature-loss	120.09691	pixel-style-loss	15521.68945	pixel-content-loss	71.64843

2022-06-02 15:56:28,730 [Thread-1    ] [INFO ]  06.02.22-14.17.58-1	 Elapsed time 1.64hrs (ETA N/A)	Epoch 1 Iteration 50	feature-loss	139.20210	pixel-style-loss	12458.97461	pixel-content-loss	77.34607

2022-06-02 15:57:19,001 [Thread-1    ] [INFO ]  06.02.22-14.17.58-1	 Elapsed time 1.66hrs (ETA N/A)	Epoch 1 Iteration 60	feature-loss	149.76883	pixel-style-loss	10562.67383	pixel-content-loss	81.83862

2022-06-02 15:58:14,706 [Thread-1    ] [INFO ]  06.02.22-14.17.58-1	 Elapsed time 1.67hrs (ETA N/A)	Epoch 1 Iteration 70	feature-loss	158.08983	pixel-style-loss	9301.41699	pixel-content-loss	85.21092

2022-06-02 15:59:20,443 [Thread-1    ] [INFO ]  06.02.22-14.17.58-1	 Elapsed time 1.69hrs (ETA N/A)	Epoch 1 Iteration 80	feature-loss	164.04371	pixel-style-loss	8395.26270	pixel-content-loss	87.93690

2022-06-02 16:00:08,493 [Thread-1    ] [INFO ]  06.02.22-14.17.58-1	 Elapsed time 1.70hrs (ETA N/A)	Epoch 1 Iteration 90	feature-loss	174.33071	pixel-style-loss	7716.14600	pixel-content-loss	89.97363

2022-06-02 16:01:08,229 [Thread-1    ] [INFO ]  06.02.22-14.17.58-1	 Elapsed time 1.72hrs (ETA N/A)	Epoch 1 Iteration 100	feature-loss	184.58753	pixel-style-loss	7182.63965	pixel-content-loss	91.68378

2022-06-02 16:02:16,561 [Thread-1    ] [INFO ]  06.02.22-14.17.58-1	 Elapsed time 1.74hrs (ETA N/A)	Epoch 1 Iteration 110	feature-loss	190.91852	pixel-style-loss	6748.95020	pixel-content-loss	93.15543

2022-06-02 16:03:17,355 [Thread-1    ] [INFO ]  06.02.22-14.17.58-1	 Elapsed time 1.76hrs (ETA N/A)	Epoch 1 Iteration 120	feature-loss	198.00369	pixel-style-loss	6387.59668	pixel-content-loss	94.49835

2022-06-02 16:04:20,130 [Thread-1    ] [INFO ]  06.02.22-14.17.58-1	 Elapsed time 1.77hrs (ETA N/A)	Epoch 1 Iteration 130	feature-loss	200.83394	pixel-style-loss	6080.72119	pixel-content-loss	95.73509

2022-06-02 16:05:11,378 [Thread-1    ] [INFO ]  06.02.22-14.17.58-1	 Elapsed time 1.79hrs (ETA N/A)	Epoch 1 Iteration 140	feature-loss	198.39076	pixel-style-loss	5815.05078	pixel-content-loss	96.89012

2022-06-02 16:05:57,693 [Thread-1    ] [INFO ]  06.02.22-14.17.58-1	 Elapsed time 1.80hrs (ETA N/A)	Epoch 1 Iteration 150	feature-loss	203.02729	pixel-style-loss	5582.82324	pixel-content-loss	97.97528

2022-06-02 16:07:03,120 [Thread-1    ] [INFO ]  06.02.22-14.17.58-1	 Elapsed time 1.82hrs (ETA N/A)	Epoch 1 Iteration 160	feature-loss	210.04982	pixel-style-loss	5378.15820	pixel-content-loss	98.97424

2022-06-02 16:07:58,167 [Thread-1    ] [INFO ]  06.02.22-14.17.58-1	 Elapsed time 1.83hrs (ETA N/A)	Epoch 1 Iteration 170	feature-loss	209.66688	pixel-style-loss	5195.80029	pixel-content-loss	99.88832

2022-06-02 16:08:45,135 [Thread-1    ] [INFO ]  06.02.22-14.17.58-1	 Elapsed time 1.85hrs (ETA N/A)	Epoch 1 Iteration 180	feature-loss	212.15583	pixel-style-loss	5031.43262	pixel-content-loss	100.75425

2022-06-02 16:09:34,170 [Thread-1    ] [INFO ]  06.02.22-14.17.58-1	 Elapsed time 1.86hrs (ETA N/A)	Epoch 1 Iteration 190	feature-loss	211.22987	pixel-style-loss	4882.08594	pixel-content-loss	101.57268

2022-06-02 16:10:28,622 [MainThread  ] [INFO ]  Finished!

2022-06-02 16:10:29,225 [Thread-1    ] [INFO ]  06.02.22-14.17.58-1	 Elapsed time 1.88hrs (ETA N/A)	Epoch 1 Iteration 200	feature-loss	213.98077	pixel-style-loss	4751.97412	pixel-content-loss	102.32371

