2022-05-25 16:27:42,060 [MainThread  ] [INFO ]  Result folder: results\nst-stroke\05.25.22-16.27.42-1

2022-05-25 16:27:44,299 [MainThread  ] [INFO ]  Pretrained weights loaded successfully!

2022-05-25 16:28:42,391 [MainThread  ] [INFO ]  Optimizing brushstroke-styled canvas..

2022-05-25 16:30:09,111 [Thread-1    ] [INFO ]  05.25.22-16.27.42-1	 Elapsed time 2.47mins (ETA N/A)	Epoch 1 Iteration 0	stroke-feature-loss	34.91716	stroke-style-loss	28.45811	stroke-content-loss	7.49025	stroke-tv-loss	111.12990	stroke-curvature-loss	0.68069

2022-05-25 16:38:49,870 [Thread-1    ] [INFO ]  05.25.22-16.27.42-1	 Elapsed time 11.15mins (ETA N/A)	Epoch 1 Iteration 10	stroke-feature-loss	35.44526	stroke-style-loss	26.22969	stroke-content-loss	7.46467	stroke-tv-loss	108.53574	stroke-curvature-loss	0.66347

2022-05-25 16:46:18,075 [Thread-1    ] [INFO ]  05.25.22-16.27.42-1	 Elapsed time 18.62mins (ETA N/A)	Epoch 1 Iteration 20	stroke-feature-loss	37.57102	stroke-style-loss	23.91582	stroke-content-loss	7.44338	stroke-tv-loss	104.06825	stroke-curvature-loss	0.63187

2022-05-25 16:52:59,395 [Thread-1    ] [INFO ]  05.25.22-16.27.42-1	 Elapsed time 25.31mins (ETA N/A)	Epoch 1 Iteration 30	stroke-feature-loss	38.06061	stroke-style-loss	22.12130	stroke-content-loss	7.45870	stroke-tv-loss	99.78086	stroke-curvature-loss	0.60027

2022-05-25 16:59:40,329 [Thread-1    ] [INFO ]  05.25.22-16.27.42-1	 Elapsed time 31.99mins (ETA N/A)	Epoch 1 Iteration 40	stroke-feature-loss	38.62580	stroke-style-loss	20.60423	stroke-content-loss	7.48871	stroke-tv-loss	95.67774	stroke-curvature-loss	0.56965

2022-05-25 17:06:15,776 [Thread-1    ] [INFO ]  05.25.22-16.27.42-1	 Elapsed time 38.58mins (ETA N/A)	Epoch 1 Iteration 50	stroke-feature-loss	41.32288	stroke-style-loss	19.40461	stroke-content-loss	7.52167	stroke-tv-loss	91.82942	stroke-curvature-loss	0.54059

2022-05-25 17:13:01,309 [Thread-1    ] [INFO ]  05.25.22-16.27.42-1	 Elapsed time 45.34mins (ETA N/A)	Epoch 1 Iteration 60	stroke-feature-loss	43.93989	stroke-style-loss	18.56357	stroke-content-loss	7.55368	stroke-tv-loss	88.20377	stroke-curvature-loss	0.51328

2022-05-25 17:21:28,760 [Thread-1    ] [INFO ]  05.25.22-16.27.42-1	 Elapsed time 53.80mins (ETA N/A)	Epoch 1 Iteration 70	stroke-feature-loss	45.34692	stroke-style-loss	17.92322	stroke-content-loss	7.58494	stroke-tv-loss	84.74911	stroke-curvature-loss	0.48730

2022-05-25 17:30:02,480 [Thread-1    ] [INFO ]  05.25.22-16.27.42-1	 Elapsed time 1.04hrs (ETA N/A)	Epoch 1 Iteration 80	stroke-feature-loss	45.77682	stroke-style-loss	17.39197	stroke-content-loss	7.61464	stroke-tv-loss	81.45653	stroke-curvature-loss	0.46226

2022-05-25 17:38:03,308 [Thread-1    ] [INFO ]  05.25.22-16.27.42-1	 Elapsed time 1.17hrs (ETA N/A)	Epoch 1 Iteration 90	stroke-feature-loss	46.24406	stroke-style-loss	16.94660	stroke-content-loss	7.64046	stroke-tv-loss	78.42364	stroke-curvature-loss	0.43834

2022-05-25 17:44:52,882 [MainThread  ] [INFO ]  Pretrained weights loaded successfully!

2022-05-25 17:44:56,510 [MainThread  ] [INFO ]  Optimizing pixel-wise canvas..

2022-05-25 17:45:01,842 [Thread-1    ] [INFO ]  05.25.22-16.27.42-1	 Elapsed time 1.29hrs (ETA N/A)	Epoch 1 Iteration 0	stroke-feature-loss	46.40046	stroke-style-loss	16.59379	stroke-content-loss	7.66068	stroke-tv-loss	75.66098	stroke-curvature-loss	0.41697	feature-loss	0.00000	pixel-style-loss	5473.90283	pixel-content-loss	25.19502

2022-05-25 17:45:38,318 [Thread-1    ] [INFO ]  05.25.22-16.27.42-1	 Elapsed time 1.30hrs (ETA N/A)	Epoch 1 Iteration 10	feature-loss	13.48115	pixel-style-loss	4886.22949	pixel-content-loss	28.54646

2022-05-25 17:46:15,476 [Thread-1    ] [INFO ]  05.25.22-16.27.42-1	 Elapsed time 1.31hrs (ETA N/A)	Epoch 1 Iteration 20	feature-loss	20.68875	pixel-style-loss	3987.27588	pixel-content-loss	37.68922

2022-05-25 17:46:51,278 [Thread-1    ] [INFO ]  05.25.22-16.27.42-1	 Elapsed time 1.32hrs (ETA N/A)	Epoch 1 Iteration 30	feature-loss	27.97354	pixel-style-loss	3355.67041	pixel-content-loss	47.07541

2022-05-25 17:47:27,462 [Thread-1    ] [INFO ]  05.25.22-16.27.42-1	 Elapsed time 1.33hrs (ETA N/A)	Epoch 1 Iteration 40	feature-loss	38.86390	pixel-style-loss	2908.64502	pixel-content-loss	53.97170

2022-05-25 17:48:03,769 [Thread-1    ] [INFO ]  05.25.22-16.27.42-1	 Elapsed time 1.34hrs (ETA N/A)	Epoch 1 Iteration 50	feature-loss	49.84920	pixel-style-loss	2564.27905	pixel-content-loss	59.61548

2022-05-25 17:48:40,425 [Thread-1    ] [INFO ]  05.25.22-16.27.42-1	 Elapsed time 1.35hrs (ETA N/A)	Epoch 1 Iteration 60	feature-loss	62.46678	pixel-style-loss	2291.27686	pixel-content-loss	64.43730

2022-05-25 17:49:16,388 [Thread-1    ] [INFO ]  05.25.22-16.27.42-1	 Elapsed time 1.36hrs (ETA N/A)	Epoch 1 Iteration 70	feature-loss	73.88079	pixel-style-loss	2070.96826	pixel-content-loss	68.58438

2022-05-25 17:49:52,283 [Thread-1    ] [INFO ]  05.25.22-16.27.42-1	 Elapsed time 1.37hrs (ETA N/A)	Epoch 1 Iteration 80	feature-loss	85.63780	pixel-style-loss	1890.15491	pixel-content-loss	72.24215

2022-05-25 17:50:28,136 [Thread-1    ] [INFO ]  05.25.22-16.27.42-1	 Elapsed time 1.38hrs (ETA N/A)	Epoch 1 Iteration 90	feature-loss	94.04189	pixel-style-loss	1739.38147	pixel-content-loss	75.51955

2022-05-25 17:51:04,136 [Thread-1    ] [INFO ]  05.25.22-16.27.42-1	 Elapsed time 1.39hrs (ETA N/A)	Epoch 1 Iteration 100	feature-loss	101.91184	pixel-style-loss	1611.36914	pixel-content-loss	78.38878

2022-05-25 17:51:40,294 [Thread-1    ] [INFO ]  05.25.22-16.27.42-1	 Elapsed time 1.40hrs (ETA N/A)	Epoch 1 Iteration 110	feature-loss	109.46022	pixel-style-loss	1501.09448	pixel-content-loss	80.82509

2022-05-25 17:52:16,276 [Thread-1    ] [INFO ]  05.25.22-16.27.42-1	 Elapsed time 1.41hrs (ETA N/A)	Epoch 1 Iteration 120	feature-loss	113.65896	pixel-style-loss	1404.71118	pixel-content-loss	82.81950

2022-05-25 17:52:52,876 [Thread-1    ] [INFO ]  05.25.22-16.27.42-1	 Elapsed time 1.42hrs (ETA N/A)	Epoch 1 Iteration 130	feature-loss	114.29190	pixel-style-loss	1318.82642	pixel-content-loss	84.56809

2022-05-25 17:53:28,958 [Thread-1    ] [INFO ]  05.25.22-16.27.42-1	 Elapsed time 1.43hrs (ETA N/A)	Epoch 1 Iteration 140	feature-loss	118.32413	pixel-style-loss	1241.44739	pixel-content-loss	86.17936

2022-05-25 17:54:05,130 [Thread-1    ] [INFO ]  05.25.22-16.27.42-1	 Elapsed time 1.44hrs (ETA N/A)	Epoch 1 Iteration 150	feature-loss	128.23993	pixel-style-loss	1171.21948	pixel-content-loss	87.61216

2022-05-25 17:54:48,108 [Thread-1    ] [INFO ]  05.25.22-16.27.42-1	 Elapsed time 1.45hrs (ETA N/A)	Epoch 1 Iteration 160	feature-loss	129.43843	pixel-style-loss	1107.05505	pixel-content-loss	88.94597

2022-05-25 17:55:27,869 [Thread-1    ] [INFO ]  05.25.22-16.27.42-1	 Elapsed time 1.46hrs (ETA N/A)	Epoch 1 Iteration 170	feature-loss	132.90600	pixel-style-loss	1048.26782	pixel-content-loss	90.18007

2022-05-25 17:56:06,936 [Thread-1    ] [INFO ]  05.25.22-16.27.42-1	 Elapsed time 1.47hrs (ETA N/A)	Epoch 1 Iteration 180	feature-loss	135.48059	pixel-style-loss	994.20508	pixel-content-loss	91.36663

2022-05-25 17:56:46,291 [Thread-1    ] [INFO ]  05.25.22-16.27.42-1	 Elapsed time 1.48hrs (ETA N/A)	Epoch 1 Iteration 190	feature-loss	134.33348	pixel-style-loss	944.37732	pixel-content-loss	92.48994

2022-05-25 17:57:20,684 [MainThread  ] [INFO ]  Finished!

2022-05-25 17:57:21,106 [Thread-1    ] [INFO ]  05.25.22-16.27.42-1	 Elapsed time 1.49hrs (ETA N/A)	Epoch 1 Iteration 200	feature-loss	137.78407	pixel-style-loss	900.48071	pixel-content-loss	93.48288

