2022-06-03 11:35:37,426 [MainThread  ] [INFO ]  Result folder: results\nst-stroke\06.03.22-11.35.37-1

2022-06-03 11:35:40,631 [MainThread  ] [INFO ]  Pretrained weights loaded successfully!

2022-06-03 11:36:19,250 [MainThread  ] [INFO ]  Optimizing brushstroke-styled canvas..

2022-06-03 11:37:03,429 [Thread-1    ] [INFO ]  06.03.22-11.35.37-1	 Elapsed time 1.46mins (ETA N/A)	Epoch 1 Iteration 0	stroke-feature-loss	55.62438	stroke-style-loss	26.26037	stroke-content-loss	407.58005	stroke-tv-loss	135.04648	stroke-curvature-loss	0.67823

2022-06-03 11:44:21,162 [Thread-1    ] [INFO ]  06.03.22-11.35.37-1	 Elapsed time 8.75mins (ETA N/A)	Epoch 1 Iteration 10	stroke-feature-loss	61.50345	stroke-style-loss	18.38120	stroke-content-loss	421.44565	stroke-tv-loss	134.44558	stroke-curvature-loss	0.67761

2022-06-03 11:51:38,961 [Thread-1    ] [INFO ]  06.03.22-11.35.37-1	 Elapsed time 16.05mins (ETA N/A)	Epoch 1 Iteration 20	stroke-feature-loss	80.21685	stroke-style-loss	11.69750	stroke-content-loss	442.11486	stroke-tv-loss	133.31326	stroke-curvature-loss	0.67601

2022-06-03 11:58:40,695 [Thread-1    ] [INFO ]  06.03.22-11.35.37-1	 Elapsed time 23.08mins (ETA N/A)	Epoch 1 Iteration 30	stroke-feature-loss	93.62272	stroke-style-loss	9.31813	stroke-content-loss	453.82762	stroke-tv-loss	132.29238	stroke-curvature-loss	0.67381

2022-06-03 12:05:48,462 [Thread-1    ] [INFO ]  06.03.22-11.35.37-1	 Elapsed time 30.21mins (ETA N/A)	Epoch 1 Iteration 40	stroke-feature-loss	98.66417	stroke-style-loss	8.18643	stroke-content-loss	459.39331	stroke-tv-loss	131.25065	stroke-curvature-loss	0.67126

2022-06-03 12:12:45,144 [Thread-1    ] [INFO ]  06.03.22-11.35.37-1	 Elapsed time 37.15mins (ETA N/A)	Epoch 1 Iteration 50	stroke-feature-loss	100.54145	stroke-style-loss	7.47684	stroke-content-loss	461.82993	stroke-tv-loss	130.18237	stroke-curvature-loss	0.66855

2022-06-03 12:19:18,211 [Thread-1    ] [INFO ]  06.03.22-11.35.37-1	 Elapsed time 43.70mins (ETA N/A)	Epoch 1 Iteration 60	stroke-feature-loss	98.12834	stroke-style-loss	6.98021	stroke-content-loss	463.03613	stroke-tv-loss	129.21210	stroke-curvature-loss	0.66578

2022-06-03 12:25:51,633 [Thread-1    ] [INFO ]  06.03.22-11.35.37-1	 Elapsed time 50.26mins (ETA N/A)	Epoch 1 Iteration 70	stroke-feature-loss	97.26917	stroke-style-loss	6.63993	stroke-content-loss	463.71427	stroke-tv-loss	128.13048	stroke-curvature-loss	0.66303

2022-06-03 12:32:31,618 [Thread-1    ] [INFO ]  06.03.22-11.35.37-1	 Elapsed time 56.93mins (ETA N/A)	Epoch 1 Iteration 80	stroke-feature-loss	97.78605	stroke-style-loss	6.39849	stroke-content-loss	464.29869	stroke-tv-loss	127.12887	stroke-curvature-loss	0.66031

2022-06-03 12:39:19,800 [Thread-1    ] [INFO ]  06.03.22-11.35.37-1	 Elapsed time 1.06hrs (ETA N/A)	Epoch 1 Iteration 90	stroke-feature-loss	98.83973	stroke-style-loss	6.21683	stroke-content-loss	464.89878	stroke-tv-loss	126.09624	stroke-curvature-loss	0.65764

2022-06-03 12:45:35,355 [MainThread  ] [INFO ]  Pretrained weights loaded successfully!

2022-06-03 12:45:39,370 [MainThread  ] [INFO ]  Optimizing pixel-wise canvas..

2022-06-03 12:45:45,287 [Thread-1    ] [INFO ]  06.03.22-11.35.37-1	 Elapsed time 1.17hrs (ETA N/A)	Epoch 1 Iteration 0	stroke-feature-loss	99.46174	stroke-style-loss	6.07937	stroke-content-loss	465.33145	stroke-tv-loss	125.18963	stroke-curvature-loss	0.65515	feature-loss	0.00000	pixel-style-loss	12031.61523	pixel-content-loss	12.28274

2022-06-03 12:46:25,158 [Thread-1    ] [INFO ]  06.03.22-11.35.37-1	 Elapsed time 1.18hrs (ETA N/A)	Epoch 1 Iteration 10	feature-loss	28.30042	pixel-style-loss	9539.43359	pixel-content-loss	15.88526

2022-06-03 12:47:06,431 [Thread-1    ] [INFO ]  06.03.22-11.35.37-1	 Elapsed time 1.19hrs (ETA N/A)	Epoch 1 Iteration 20	feature-loss	41.64127	pixel-style-loss	7670.28125	pixel-content-loss	21.59845

2022-06-03 12:47:47,843 [Thread-1    ] [INFO ]  06.03.22-11.35.37-1	 Elapsed time 1.20hrs (ETA N/A)	Epoch 1 Iteration 30	feature-loss	63.26818	pixel-style-loss	6723.35059	pixel-content-loss	24.73787

2022-06-03 12:48:29,089 [Thread-1    ] [INFO ]  06.03.22-11.35.37-1	 Elapsed time 1.21hrs (ETA N/A)	Epoch 1 Iteration 40	feature-loss	96.44805	pixel-style-loss	6060.90771	pixel-content-loss	27.75225

2022-06-03 12:49:10,074 [Thread-1    ] [INFO ]  06.03.22-11.35.37-1	 Elapsed time 1.23hrs (ETA N/A)	Epoch 1 Iteration 50	feature-loss	116.46638	pixel-style-loss	5641.82959	pixel-content-loss	30.58763

2022-06-03 12:49:51,069 [Thread-1    ] [INFO ]  06.03.22-11.35.37-1	 Elapsed time 1.24hrs (ETA N/A)	Epoch 1 Iteration 60	feature-loss	134.42776	pixel-style-loss	5349.01318	pixel-content-loss	32.57222

2022-06-03 12:50:32,742 [Thread-1    ] [INFO ]  06.03.22-11.35.37-1	 Elapsed time 1.25hrs (ETA N/A)	Epoch 1 Iteration 70	feature-loss	144.88885	pixel-style-loss	5119.63672	pixel-content-loss	34.16921

2022-06-03 12:51:13,929 [Thread-1    ] [INFO ]  06.03.22-11.35.37-1	 Elapsed time 1.26hrs (ETA N/A)	Epoch 1 Iteration 80	feature-loss	151.68444	pixel-style-loss	4932.60449	pixel-content-loss	35.51676

2022-06-03 12:51:54,922 [Thread-1    ] [INFO ]  06.03.22-11.35.37-1	 Elapsed time 1.27hrs (ETA N/A)	Epoch 1 Iteration 90	feature-loss	155.86213	pixel-style-loss	4775.42383	pixel-content-loss	36.71849

2022-06-03 12:52:37,150 [Thread-1    ] [INFO ]  06.03.22-11.35.37-1	 Elapsed time 1.28hrs (ETA N/A)	Epoch 1 Iteration 100	feature-loss	162.51473	pixel-style-loss	4639.60840	pixel-content-loss	37.82169

2022-06-03 12:53:18,335 [Thread-1    ] [INFO ]  06.03.22-11.35.37-1	 Elapsed time 1.30hrs (ETA N/A)	Epoch 1 Iteration 110	feature-loss	161.29700	pixel-style-loss	4520.32129	pixel-content-loss	38.82641

2022-06-03 12:53:59,161 [Thread-1    ] [INFO ]  06.03.22-11.35.37-1	 Elapsed time 1.31hrs (ETA N/A)	Epoch 1 Iteration 120	feature-loss	157.62337	pixel-style-loss	4413.80322	pixel-content-loss	39.75510

2022-06-03 12:54:42,900 [Thread-1    ] [INFO ]  06.03.22-11.35.37-1	 Elapsed time 1.32hrs (ETA N/A)	Epoch 1 Iteration 130	feature-loss	164.56561	pixel-style-loss	4316.79639	pixel-content-loss	40.61782

2022-06-03 12:55:24,317 [Thread-1    ] [INFO ]  06.03.22-11.35.37-1	 Elapsed time 1.33hrs (ETA N/A)	Epoch 1 Iteration 140	feature-loss	171.80184	pixel-style-loss	4227.75439	pixel-content-loss	41.38879

2022-06-03 12:56:05,065 [Thread-1    ] [INFO ]  06.03.22-11.35.37-1	 Elapsed time 1.34hrs (ETA N/A)	Epoch 1 Iteration 150	feature-loss	174.38872	pixel-style-loss	4144.78760	pixel-content-loss	42.11605

2022-06-03 12:56:46,111 [Thread-1    ] [INFO ]  06.03.22-11.35.37-1	 Elapsed time 1.35hrs (ETA N/A)	Epoch 1 Iteration 160	feature-loss	171.42119	pixel-style-loss	4066.46729	pixel-content-loss	42.80988

2022-06-03 12:57:26,906 [Thread-1    ] [INFO ]  06.03.22-11.35.37-1	 Elapsed time 1.36hrs (ETA N/A)	Epoch 1 Iteration 170	feature-loss	175.06828	pixel-style-loss	3992.75122	pixel-content-loss	43.46002

2022-06-03 12:58:08,128 [Thread-1    ] [INFO ]  06.03.22-11.35.37-1	 Elapsed time 1.38hrs (ETA N/A)	Epoch 1 Iteration 180	feature-loss	180.35063	pixel-style-loss	3920.92236	pixel-content-loss	44.07391

2022-06-03 12:58:51,716 [Thread-1    ] [INFO ]  06.03.22-11.35.37-1	 Elapsed time 1.39hrs (ETA N/A)	Epoch 1 Iteration 190	feature-loss	187.17625	pixel-style-loss	3851.79565	pixel-content-loss	44.65773

2022-06-03 12:59:29,155 [MainThread  ] [INFO ]  Finished!

2022-06-03 12:59:29,608 [Thread-1    ] [INFO ]  06.03.22-11.35.37-1	 Elapsed time 1.40hrs (ETA N/A)	Epoch 1 Iteration 200	feature-loss	189.74993	pixel-style-loss	3787.98340	pixel-content-loss	45.19944

