2022-06-02 16:21:42,005 [MainThread  ] [INFO ]  Result folder: results\nst-stroke\06.02.22-16.21.42-1

2022-06-02 16:21:44,864 [MainThread  ] [INFO ]  Pretrained weights loaded successfully!

2022-06-02 16:22:03,082 [MainThread  ] [INFO ]  Optimizing brushstroke-styled canvas..

2022-06-02 16:22:42,617 [Thread-1    ] [INFO ]  06.02.22-16.21.42-1	 Elapsed time 1.04mins (ETA N/A)	Epoch 1 Iteration 0	stroke-feature-loss	64.12553	stroke-style-loss	153.30321	stroke-content-loss	213.39639	stroke-tv-loss	7216.37598	stroke-curvature-loss	0.43682

2022-06-02 16:30:02,973 [Thread-1    ] [INFO ]  06.02.22-16.21.42-1	 Elapsed time 8.37mins (ETA N/A)	Epoch 1 Iteration 10	stroke-feature-loss	70.06761	stroke-style-loss	96.98022	stroke-content-loss	246.26718	stroke-tv-loss	7205.35498	stroke-curvature-loss	0.43465

2022-06-02 16:37:05,341 [Thread-1    ] [INFO ]  06.02.22-16.21.42-1	 Elapsed time 15.41mins (ETA N/A)	Epoch 1 Iteration 20	stroke-feature-loss	83.28101	stroke-style-loss	49.43390	stroke-content-loss	303.33916	stroke-tv-loss	7184.24800	stroke-curvature-loss	0.43072

2022-06-02 16:44:13,971 [Thread-1    ] [INFO ]  06.02.22-16.21.42-1	 Elapsed time 22.56mins (ETA N/A)	Epoch 1 Iteration 30	stroke-feature-loss	90.76216	stroke-style-loss	34.14278	stroke-content-loss	345.04904	stroke-tv-loss	7164.48975	stroke-curvature-loss	0.42682

2022-06-02 16:51:20,644 [Thread-1    ] [INFO ]  06.02.22-16.21.42-1	 Elapsed time 29.67mins (ETA N/A)	Epoch 1 Iteration 40	stroke-feature-loss	90.47871	stroke-style-loss	28.71083	stroke-content-loss	368.82039	stroke-tv-loss	7142.80874	stroke-curvature-loss	0.42294

2022-06-02 16:58:28,914 [Thread-1    ] [INFO ]  06.02.22-16.21.42-1	 Elapsed time 36.81mins (ETA N/A)	Epoch 1 Iteration 50	stroke-feature-loss	91.54086	stroke-style-loss	26.18503	stroke-content-loss	380.34254	stroke-tv-loss	7120.57720	stroke-curvature-loss	0.41911

2022-06-02 17:05:34,719 [Thread-1    ] [INFO ]  06.02.22-16.21.42-1	 Elapsed time 43.90mins (ETA N/A)	Epoch 1 Iteration 60	stroke-feature-loss	86.62861	stroke-style-loss	24.66941	stroke-content-loss	386.79693	stroke-tv-loss	7098.65923	stroke-curvature-loss	0.41534

2022-06-02 17:12:32,255 [Thread-1    ] [INFO ]  06.02.22-16.21.42-1	 Elapsed time 50.86mins (ETA N/A)	Epoch 1 Iteration 70	stroke-feature-loss	85.46206	stroke-style-loss	23.75711	stroke-content-loss	391.38059	stroke-tv-loss	7078.97100	stroke-curvature-loss	0.41164

2022-06-02 17:19:34,683 [Thread-1    ] [INFO ]  06.02.22-16.21.42-1	 Elapsed time 57.90mins (ETA N/A)	Epoch 1 Iteration 80	stroke-feature-loss	85.55636	stroke-style-loss	23.14245	stroke-content-loss	394.86755	stroke-tv-loss	7059.67515	stroke-curvature-loss	0.40803

2022-06-02 17:27:02,466 [Thread-1    ] [INFO ]  06.02.22-16.21.42-1	 Elapsed time 1.09hrs (ETA N/A)	Epoch 1 Iteration 90	stroke-feature-loss	85.13025	stroke-style-loss	22.63029	stroke-content-loss	398.31713	stroke-tv-loss	7036.23721	stroke-curvature-loss	0.40453

2022-06-02 17:33:24,749 [MainThread  ] [INFO ]  Pretrained weights loaded successfully!

2022-06-02 17:33:28,764 [MainThread  ] [INFO ]  Optimizing pixel-wise canvas..

2022-06-02 17:33:34,419 [Thread-1    ] [INFO ]  06.02.22-16.21.42-1	 Elapsed time 1.20hrs (ETA N/A)	Epoch 1 Iteration 0	stroke-feature-loss	85.50066	stroke-style-loss	22.20791	stroke-content-loss	401.60609	stroke-tv-loss	7014.26790	stroke-curvature-loss	0.40129	feature-loss	0.00000	pixel-style-loss	44022.54297	pixel-content-loss	27.93356

2022-06-02 17:34:10,941 [Thread-1    ] [INFO ]  06.02.22-16.21.42-1	 Elapsed time 1.21hrs (ETA N/A)	Epoch 1 Iteration 10	feature-loss	29.94566	pixel-style-loss	35478.72656	pixel-content-loss	31.88454

2022-06-02 17:34:49,848 [Thread-1    ] [INFO ]  06.02.22-16.21.42-1	 Elapsed time 1.22hrs (ETA N/A)	Epoch 1 Iteration 20	feature-loss	36.13384	pixel-style-loss	23941.89453	pixel-content-loss	45.68403

2022-06-02 17:35:31,653 [Thread-1    ] [INFO ]  06.02.22-16.21.42-1	 Elapsed time 1.23hrs (ETA N/A)	Epoch 1 Iteration 30	feature-loss	58.23238	pixel-style-loss	16013.76270	pixel-content-loss	60.23699

2022-06-02 17:36:12,789 [Thread-1    ] [INFO ]  06.02.22-16.21.42-1	 Elapsed time 1.24hrs (ETA N/A)	Epoch 1 Iteration 40	feature-loss	101.17556	pixel-style-loss	11670.18457	pixel-content-loss	70.11101

2022-06-02 17:36:53,947 [Thread-1    ] [INFO ]  06.02.22-16.21.42-1	 Elapsed time 1.25hrs (ETA N/A)	Epoch 1 Iteration 50	feature-loss	146.62925	pixel-style-loss	9316.04883	pixel-content-loss	75.08524

2022-06-02 17:37:35,003 [Thread-1    ] [INFO ]  06.02.22-16.21.42-1	 Elapsed time 1.27hrs (ETA N/A)	Epoch 1 Iteration 60	feature-loss	160.36183	pixel-style-loss	7887.10547	pixel-content-loss	79.05817

2022-06-02 17:38:17,104 [Thread-1    ] [INFO ]  06.02.22-16.21.42-1	 Elapsed time 1.28hrs (ETA N/A)	Epoch 1 Iteration 70	feature-loss	181.18162	pixel-style-loss	6933.17432	pixel-content-loss	81.98933

2022-06-02 17:38:58,097 [Thread-1    ] [INFO ]  06.02.22-16.21.42-1	 Elapsed time 1.29hrs (ETA N/A)	Epoch 1 Iteration 80	feature-loss	198.04813	pixel-style-loss	6258.22266	pixel-content-loss	84.18742

2022-06-02 17:39:39,078 [Thread-1    ] [INFO ]  06.02.22-16.21.42-1	 Elapsed time 1.30hrs (ETA N/A)	Epoch 1 Iteration 90	feature-loss	214.47515	pixel-style-loss	5755.24561	pixel-content-loss	85.95123

2022-06-02 17:40:20,381 [Thread-1    ] [INFO ]  06.02.22-16.21.42-1	 Elapsed time 1.31hrs (ETA N/A)	Epoch 1 Iteration 100	feature-loss	232.81155	pixel-style-loss	5362.86230	pixel-content-loss	87.52448

2022-06-02 17:41:01,826 [Thread-1    ] [INFO ]  06.02.22-16.21.42-1	 Elapsed time 1.32hrs (ETA N/A)	Epoch 1 Iteration 110	feature-loss	237.98691	pixel-style-loss	5046.62402	pixel-content-loss	88.99102

2022-06-02 17:41:43,036 [Thread-1    ] [INFO ]  06.02.22-16.21.42-1	 Elapsed time 1.33hrs (ETA N/A)	Epoch 1 Iteration 120	feature-loss	247.31804	pixel-style-loss	4784.51660	pixel-content-loss	90.35512

2022-06-02 17:42:24,137 [Thread-1    ] [INFO ]  06.02.22-16.21.42-1	 Elapsed time 1.35hrs (ETA N/A)	Epoch 1 Iteration 130	feature-loss	263.02642	pixel-style-loss	4562.18750	pixel-content-loss	91.59084

2022-06-02 17:43:05,328 [Thread-1    ] [INFO ]  06.02.22-16.21.42-1	 Elapsed time 1.36hrs (ETA N/A)	Epoch 1 Iteration 140	feature-loss	261.51733	pixel-style-loss	4370.41016	pixel-content-loss	92.75156

2022-06-02 17:43:46,455 [Thread-1    ] [INFO ]  06.02.22-16.21.42-1	 Elapsed time 1.37hrs (ETA N/A)	Epoch 1 Iteration 150	feature-loss	266.96725	pixel-style-loss	4202.38037	pixel-content-loss	93.83580

2022-06-02 17:44:27,456 [Thread-1    ] [INFO ]  06.02.22-16.21.42-1	 Elapsed time 1.38hrs (ETA N/A)	Epoch 1 Iteration 160	feature-loss	283.24878	pixel-style-loss	4052.85034	pixel-content-loss	94.82959

2022-06-02 17:45:08,717 [Thread-1    ] [INFO ]  06.02.22-16.21.42-1	 Elapsed time 1.39hrs (ETA N/A)	Epoch 1 Iteration 170	feature-loss	288.94199	pixel-style-loss	3918.28271	pixel-content-loss	95.76805

2022-06-02 17:45:50,207 [Thread-1    ] [INFO ]  06.02.22-16.21.42-1	 Elapsed time 1.40hrs (ETA N/A)	Epoch 1 Iteration 180	feature-loss	289.28141	pixel-style-loss	3796.12500	pixel-content-loss	96.65410

2022-06-02 17:46:31,634 [Thread-1    ] [INFO ]  06.02.22-16.21.42-1	 Elapsed time 1.41hrs (ETA N/A)	Epoch 1 Iteration 190	feature-loss	301.34043	pixel-style-loss	3684.17822	pixel-content-loss	97.50056

2022-06-02 17:47:08,013 [MainThread  ] [INFO ]  Finished!

2022-06-02 17:47:08,466 [Thread-1    ] [INFO ]  06.02.22-16.21.42-1	 Elapsed time 1.42hrs (ETA N/A)	Epoch 1 Iteration 200	feature-loss	302.23357	pixel-style-loss	3585.79053	pixel-content-loss	98.28725

