2022-04-14 19:56:57,631 [MainThread  ] [INFO ]  Result folder: results\nst-stroke\04.14.22-19.56.57-1

2022-04-14 19:56:59,821 [MainThread  ] [INFO ]  Pretrained weights loaded successfully!

2022-04-14 19:57:22,038 [MainThread  ] [INFO ]  Optimizing brushstroke-styled canvas..

2022-04-14 19:57:37,213 [Thread-1    ] [INFO ]  04.14.22-19.56.57-1	 Elapsed time 0.68mins (ETA N/A)	Epoch 1 Iteration 0	stroke-style-loss	12.28037	stroke-content-loss	1.90063	stroke-tv-loss	144.22693	stroke-curvature-loss	0.64308

2022-04-14 19:59:58,619 [Thread-1    ] [INFO ]  04.14.22-19.56.57-1	 Elapsed time 3.03mins (ETA N/A)	Epoch 1 Iteration 10	stroke-style-loss	10.23891	stroke-content-loss	1.78922	stroke-tv-loss	97.14167	stroke-curvature-loss	0.41691

2022-04-14 20:02:15,348 [Thread-1    ] [INFO ]  04.14.22-19.56.57-1	 Elapsed time 5.31mins (ETA N/A)	Epoch 1 Iteration 20	stroke-style-loss	8.99407	stroke-content-loss	1.74886	stroke-tv-loss	46.37718	stroke-curvature-loss	0.25357

2022-04-14 20:04:37,387 [Thread-1    ] [INFO ]  04.14.22-19.56.57-1	 Elapsed time 7.68mins (ETA N/A)	Epoch 1 Iteration 30	stroke-style-loss	8.15131	stroke-content-loss	1.79656	stroke-tv-loss	24.09324	stroke-curvature-loss	0.16941

2022-04-14 20:07:02,634 [Thread-1    ] [INFO ]  04.14.22-19.56.57-1	 Elapsed time 10.10mins (ETA N/A)	Epoch 1 Iteration 40	stroke-style-loss	7.50798	stroke-content-loss	1.85487	stroke-tv-loss	13.85065	stroke-curvature-loss	0.13328

2022-04-14 20:09:20,556 [Thread-1    ] [INFO ]  04.14.22-19.56.57-1	 Elapsed time 12.40mins (ETA N/A)	Epoch 1 Iteration 50	stroke-style-loss	6.84197	stroke-content-loss	1.92900	stroke-tv-loss	8.89997	stroke-curvature-loss	0.11997

2022-04-14 20:11:36,100 [Thread-1    ] [INFO ]  04.14.22-19.56.57-1	 Elapsed time 14.66mins (ETA N/A)	Epoch 1 Iteration 60	stroke-style-loss	6.02769	stroke-content-loss	2.03444	stroke-tv-loss	6.32064	stroke-curvature-loss	0.11645

2022-04-14 20:13:54,233 [Thread-1    ] [INFO ]  04.14.22-19.56.57-1	 Elapsed time 16.96mins (ETA N/A)	Epoch 1 Iteration 70	stroke-style-loss	5.31835	stroke-content-loss	2.05839	stroke-tv-loss	4.79630	stroke-curvature-loss	0.12074

2022-04-14 20:16:11,583 [Thread-1    ] [INFO ]  04.14.22-19.56.57-1	 Elapsed time 19.25mins (ETA N/A)	Epoch 1 Iteration 80	stroke-style-loss	4.83558	stroke-content-loss	2.07569	stroke-tv-loss	3.79359	stroke-curvature-loss	0.12567

2022-04-14 20:18:26,631 [Thread-1    ] [INFO ]  04.14.22-19.56.57-1	 Elapsed time 21.50mins (ETA N/A)	Epoch 1 Iteration 90	stroke-style-loss	4.48029	stroke-content-loss	2.07874	stroke-tv-loss	3.07725	stroke-curvature-loss	0.12886

2022-04-14 20:20:42,107 [MainThread  ] [INFO ]  Pretrained weights loaded successfully!

2022-04-14 20:20:46,849 [MainThread  ] [INFO ]  Optimizing pixel-wise canvas..

2022-04-14 20:20:59,636 [Thread-1    ] [INFO ]  04.14.22-19.56.57-1	 Elapsed time 24.05mins (ETA N/A)	Epoch 1 Iteration 0	stroke-style-loss	4.21956	stroke-content-loss	2.07887	stroke-tv-loss	2.61222	stroke-curvature-loss	0.13047	pixel-style-loss	26662.89844	pixel-content-loss	8.26451

2022-04-14 20:40:10,450 [Thread-1    ] [INFO ]  04.14.22-19.56.57-1	 Elapsed time 43.23mins (ETA N/A)	Epoch 1 Iteration 100	pixel-style-loss	12586.99512	pixel-content-loss	12.50384

2022-04-14 21:00:12,665 [Thread-1    ] [INFO ]  04.14.22-19.56.57-1	 Elapsed time 1.05hrs (ETA N/A)	Epoch 1 Iteration 200	pixel-style-loss	5854.08398	pixel-content-loss	14.58949

2022-04-14 21:19:51,403 [Thread-1    ] [INFO ]  04.14.22-19.56.57-1	 Elapsed time 1.38hrs (ETA N/A)	Epoch 1 Iteration 300	pixel-style-loss	3579.77832	pixel-content-loss	14.92505

2022-04-14 21:44:21,136 [Thread-1    ] [INFO ]  04.14.22-19.56.57-1	 Elapsed time 1.79hrs (ETA N/A)	Epoch 1 Iteration 400	pixel-style-loss	2665.66382	pixel-content-loss	15.03746

2022-04-14 22:09:07,795 [Thread-1    ] [INFO ]  04.14.22-19.56.57-1	 Elapsed time 2.20hrs (ETA N/A)	Epoch 1 Iteration 500	pixel-style-loss	2192.41113	pixel-content-loss	15.10376

2022-04-14 22:34:07,087 [Thread-1    ] [INFO ]  04.14.22-19.56.57-1	 Elapsed time 2.62hrs (ETA N/A)	Epoch 1 Iteration 600	pixel-style-loss	1850.86951	pixel-content-loss	15.15078

2022-04-14 22:54:35,988 [Thread-1    ] [INFO ]  04.14.22-19.56.57-1	 Elapsed time 2.96hrs (ETA N/A)	Epoch 1 Iteration 700	pixel-style-loss	1577.76501	pixel-content-loss	15.18863

2022-04-14 23:15:00,802 [Thread-1    ] [INFO ]  04.14.22-19.56.57-1	 Elapsed time 3.30hrs (ETA N/A)	Epoch 1 Iteration 800	pixel-style-loss	1353.87354	pixel-content-loss	15.21700

2022-04-14 23:35:18,718 [Thread-1    ] [INFO ]  04.14.22-19.56.57-1	 Elapsed time 3.64hrs (ETA N/A)	Epoch 1 Iteration 900	pixel-style-loss	1166.05444	pixel-content-loss	15.24130

2022-04-14 23:56:08,727 [MainThread  ] [INFO ]  Finished!

2022-04-14 23:56:09,430 [Thread-1    ] [INFO ]  04.14.22-19.56.57-1	 Elapsed time 3.99hrs (ETA N/A)	Epoch 1 Iteration 1000	pixel-style-loss	1006.57648	pixel-content-loss	15.26175

