2022-06-01 11:22:20,189 [MainThread  ] [INFO ]  Result folder: results\nst-stroke\06.01.22-11.22.20-1

2022-06-01 11:22:22,272 [MainThread  ] [INFO ]  Pretrained weights loaded successfully!

2022-06-01 11:23:00,454 [MainThread  ] [INFO ]  Optimizing brushstroke-styled canvas..

2022-06-01 11:23:51,929 [Thread-1    ] [INFO ]  06.01.22-11.22.20-1	 Elapsed time 1.55mins (ETA N/A)	Epoch 1 Iteration 0	stroke-feature-loss	46.00289	stroke-style-loss	47.67403	stroke-content-loss	16.16009	stroke-tv-loss	618.93329	stroke-curvature-loss	0.53864

2022-06-01 11:31:43,053 [Thread-1    ] [INFO ]  06.01.22-11.22.20-1	 Elapsed time 9.40mins (ETA N/A)	Epoch 1 Iteration 10	stroke-feature-loss	52.10655	stroke-style-loss	36.34411	stroke-content-loss	16.43536	stroke-tv-loss	617.04142	stroke-curvature-loss	0.53722

2022-06-01 11:39:08,988 [Thread-1    ] [INFO ]  06.01.22-11.22.20-1	 Elapsed time 16.83mins (ETA N/A)	Epoch 1 Iteration 20	stroke-feature-loss	64.99599	stroke-style-loss	27.89276	stroke-content-loss	17.14270	stroke-tv-loss	613.57900	stroke-curvature-loss	0.53451

2022-06-01 11:46:15,735 [Thread-1    ] [INFO ]  06.01.22-11.22.20-1	 Elapsed time 23.95mins (ETA N/A)	Epoch 1 Iteration 30	stroke-feature-loss	72.21185	stroke-style-loss	23.64035	stroke-content-loss	17.75986	stroke-tv-loss	610.10265	stroke-curvature-loss	0.53175

2022-06-01 11:53:20,353 [Thread-1    ] [INFO ]  06.01.22-11.22.20-1	 Elapsed time 31.02mins (ETA N/A)	Epoch 1 Iteration 40	stroke-feature-loss	76.30369	stroke-style-loss	21.33197	stroke-content-loss	18.20019	stroke-tv-loss	606.56803	stroke-curvature-loss	0.52900

2022-06-01 12:00:34,548 [Thread-1    ] [INFO ]  06.01.22-11.22.20-1	 Elapsed time 38.26mins (ETA N/A)	Epoch 1 Iteration 50	stroke-feature-loss	79.91961	stroke-style-loss	19.96287	stroke-content-loss	18.53182	stroke-tv-loss	603.08816	stroke-curvature-loss	0.52629

2022-06-01 12:07:38,005 [Thread-1    ] [INFO ]  06.01.22-11.22.20-1	 Elapsed time 45.32mins (ETA N/A)	Epoch 1 Iteration 60	stroke-feature-loss	82.53665	stroke-style-loss	19.04106	stroke-content-loss	18.79053	stroke-tv-loss	600.11252	stroke-curvature-loss	0.52362

2022-06-01 12:14:32,915 [Thread-1    ] [INFO ]  06.01.22-11.22.20-1	 Elapsed time 52.23mins (ETA N/A)	Epoch 1 Iteration 70	stroke-feature-loss	84.39262	stroke-style-loss	18.34671	stroke-content-loss	19.01407	stroke-tv-loss	596.84614	stroke-curvature-loss	0.52097

2022-06-01 12:21:20,495 [Thread-1    ] [INFO ]  06.01.22-11.22.20-1	 Elapsed time 59.02mins (ETA N/A)	Epoch 1 Iteration 80	stroke-feature-loss	84.87586	stroke-style-loss	17.81466	stroke-content-loss	19.21343	stroke-tv-loss	593.61472	stroke-curvature-loss	0.51835

2022-06-01 12:27:53,022 [Thread-1    ] [INFO ]  06.01.22-11.22.20-1	 Elapsed time 1.09hrs (ETA N/A)	Epoch 1 Iteration 90	stroke-feature-loss	85.55440	stroke-style-loss	17.42169	stroke-content-loss	19.38341	stroke-tv-loss	590.48520	stroke-curvature-loss	0.51578

2022-06-01 12:34:03,275 [MainThread  ] [INFO ]  Pretrained weights loaded successfully!

2022-06-01 12:34:06,841 [MainThread  ] [INFO ]  Optimizing pixel-wise canvas..

2022-06-01 12:34:11,950 [Thread-1    ] [INFO ]  06.01.22-11.22.20-1	 Elapsed time 1.20hrs (ETA N/A)	Epoch 1 Iteration 0	stroke-feature-loss	86.53141	stroke-style-loss	17.10960	stroke-content-loss	19.52698	stroke-tv-loss	587.47605	stroke-curvature-loss	0.51341	feature-loss	0.00000	pixel-style-loss	33950.46094	pixel-content-loss	28.89008

2022-06-01 12:34:48,123 [Thread-1    ] [INFO ]  06.01.22-11.22.20-1	 Elapsed time 1.21hrs (ETA N/A)	Epoch 1 Iteration 10	feature-loss	26.50625	pixel-style-loss	26809.91211	pixel-content-loss	32.32023

2022-06-01 12:35:28,706 [Thread-1    ] [INFO ]  06.01.22-11.22.20-1	 Elapsed time 1.22hrs (ETA N/A)	Epoch 1 Iteration 20	feature-loss	37.70572	pixel-style-loss	17447.87109	pixel-content-loss	43.75632

2022-06-01 12:36:09,170 [Thread-1    ] [INFO ]  06.01.22-11.22.20-1	 Elapsed time 1.23hrs (ETA N/A)	Epoch 1 Iteration 30	feature-loss	57.01503	pixel-style-loss	12635.00000	pixel-content-loss	53.54000

2022-06-01 12:36:49,634 [Thread-1    ] [INFO ]  06.01.22-11.22.20-1	 Elapsed time 1.24hrs (ETA N/A)	Epoch 1 Iteration 40	feature-loss	102.17377	pixel-style-loss	9775.91113	pixel-content-loss	58.42222

2022-06-01 12:37:30,153 [Thread-1    ] [INFO ]  06.01.22-11.22.20-1	 Elapsed time 1.25hrs (ETA N/A)	Epoch 1 Iteration 50	feature-loss	122.37991	pixel-style-loss	7997.60059	pixel-content-loss	62.86102

2022-06-01 12:38:11,041 [Thread-1    ] [INFO ]  06.01.22-11.22.20-1	 Elapsed time 1.26hrs (ETA N/A)	Epoch 1 Iteration 60	feature-loss	140.39618	pixel-style-loss	6846.50000	pixel-content-loss	66.03832

2022-06-01 12:38:50,712 [Thread-1    ] [INFO ]  06.01.22-11.22.20-1	 Elapsed time 1.28hrs (ETA N/A)	Epoch 1 Iteration 70	feature-loss	149.15688	pixel-style-loss	6047.57275	pixel-content-loss	68.50177

2022-06-01 12:39:29,733 [Thread-1    ] [INFO ]  06.01.22-11.22.20-1	 Elapsed time 1.29hrs (ETA N/A)	Epoch 1 Iteration 80	feature-loss	153.81428	pixel-style-loss	5475.01904	pixel-content-loss	70.69363

2022-06-01 12:40:10,337 [Thread-1    ] [INFO ]  06.01.22-11.22.20-1	 Elapsed time 1.30hrs (ETA N/A)	Epoch 1 Iteration 90	feature-loss	157.43835	pixel-style-loss	5045.41113	pixel-content-loss	72.68830

2022-06-01 12:40:50,784 [Thread-1    ] [INFO ]  06.01.22-11.22.20-1	 Elapsed time 1.31hrs (ETA N/A)	Epoch 1 Iteration 100	feature-loss	159.10613	pixel-style-loss	4709.95898	pixel-content-loss	74.46362

2022-06-01 12:41:31,166 [Thread-1    ] [INFO ]  06.01.22-11.22.20-1	 Elapsed time 1.32hrs (ETA N/A)	Epoch 1 Iteration 110	feature-loss	159.64863	pixel-style-loss	4438.58154	pixel-content-loss	76.08275

2022-06-01 12:42:11,570 [Thread-1    ] [INFO ]  06.01.22-11.22.20-1	 Elapsed time 1.33hrs (ETA N/A)	Epoch 1 Iteration 120	feature-loss	162.54616	pixel-style-loss	4212.68115	pixel-content-loss	77.58227

2022-06-01 12:42:50,797 [Thread-1    ] [INFO ]  06.01.22-11.22.20-1	 Elapsed time 1.34hrs (ETA N/A)	Epoch 1 Iteration 130	feature-loss	169.18491	pixel-style-loss	4019.65552	pixel-content-loss	78.94232

2022-06-01 12:43:30,600 [Thread-1    ] [INFO ]  06.01.22-11.22.20-1	 Elapsed time 1.35hrs (ETA N/A)	Epoch 1 Iteration 140	feature-loss	168.67896	pixel-style-loss	3852.77075	pixel-content-loss	80.19411

2022-06-01 12:44:10,780 [Thread-1    ] [INFO ]  06.01.22-11.22.20-1	 Elapsed time 1.36hrs (ETA N/A)	Epoch 1 Iteration 150	feature-loss	175.23903	pixel-style-loss	3704.15308	pixel-content-loss	81.39397

2022-06-01 12:44:51,297 [Thread-1    ] [INFO ]  06.01.22-11.22.20-1	 Elapsed time 1.38hrs (ETA N/A)	Epoch 1 Iteration 160	feature-loss	180.06075	pixel-style-loss	3571.55127	pixel-content-loss	82.49730

2022-06-01 12:45:32,381 [Thread-1    ] [INFO ]  06.01.22-11.22.20-1	 Elapsed time 1.39hrs (ETA N/A)	Epoch 1 Iteration 170	feature-loss	182.63433	pixel-style-loss	3451.50317	pixel-content-loss	83.51402

2022-06-01 12:46:11,090 [Thread-1    ] [INFO ]  06.01.22-11.22.20-1	 Elapsed time 1.40hrs (ETA N/A)	Epoch 1 Iteration 180	feature-loss	188.06608	pixel-style-loss	3341.81299	pixel-content-loss	84.46895

2022-06-01 12:46:57,404 [Thread-1    ] [INFO ]  06.01.22-11.22.20-1	 Elapsed time 1.41hrs (ETA N/A)	Epoch 1 Iteration 190	feature-loss	190.64142	pixel-style-loss	3241.67725	pixel-content-loss	85.38628

2022-06-01 12:47:38,605 [MainThread  ] [INFO ]  Finished!

2022-06-01 12:47:39,364 [Thread-1    ] [INFO ]  06.01.22-11.22.20-1	 Elapsed time 1.42hrs (ETA N/A)	Epoch 1 Iteration 200	feature-loss	192.17150	pixel-style-loss	3152.52612	pixel-content-loss	86.25219

