2022-05-27 11:23:36,266 [MainThread  ] [INFO ]  Result folder: results\nst-stroke\05.27.22-11.23.36-1

2022-05-27 11:23:39,435 [MainThread  ] [INFO ]  Pretrained weights loaded successfully!

2022-05-27 11:24:29,690 [MainThread  ] [INFO ]  Optimizing brushstroke-styled canvas..

2022-05-27 11:25:18,373 [Thread-1    ] [INFO ]  05.27.22-11.23.36-1	 Elapsed time 1.73mins (ETA N/A)	Epoch 1 Iteration 0	stroke-feature-loss	59.17015	stroke-style-loss	44.44935	stroke-content-loss	19.79060	stroke-tv-loss	138.91235	stroke-curvature-loss	0.68051

2022-05-27 11:33:25,182 [Thread-1    ] [INFO ]  05.27.22-11.23.36-1	 Elapsed time 9.84mins (ETA N/A)	Epoch 1 Iteration 10	stroke-feature-loss	63.84657	stroke-style-loss	36.42287	stroke-content-loss	19.93340	stroke-tv-loss	137.59590	stroke-curvature-loss	0.67757

2022-05-27 11:41:15,967 [Thread-1    ] [INFO ]  05.27.22-11.23.36-1	 Elapsed time 17.69mins (ETA N/A)	Epoch 1 Iteration 20	stroke-feature-loss	71.69801	stroke-style-loss	28.99945	stroke-content-loss	20.21226	stroke-tv-loss	135.40201	stroke-curvature-loss	0.67187

2022-05-27 11:48:55,279 [Thread-1    ] [INFO ]  05.27.22-11.23.36-1	 Elapsed time 25.34mins (ETA N/A)	Epoch 1 Iteration 30	stroke-feature-loss	78.91019	stroke-style-loss	24.61083	stroke-content-loss	20.46824	stroke-tv-loss	133.22711	stroke-curvature-loss	0.66612

2022-05-27 11:56:34,132 [Thread-1    ] [INFO ]  05.27.22-11.23.36-1	 Elapsed time 32.99mins (ETA N/A)	Epoch 1 Iteration 40	stroke-feature-loss	84.86053	stroke-style-loss	21.82340	stroke-content-loss	20.66911	stroke-tv-loss	131.11288	stroke-curvature-loss	0.66059

2022-05-27 12:04:17,490 [Thread-1    ] [INFO ]  05.27.22-11.23.36-1	 Elapsed time 40.71mins (ETA N/A)	Epoch 1 Iteration 50	stroke-feature-loss	89.91999	stroke-style-loss	20.03509	stroke-content-loss	20.82075	stroke-tv-loss	129.04054	stroke-curvature-loss	0.65532

2022-05-27 12:11:53,340 [Thread-1    ] [INFO ]  05.27.22-11.23.36-1	 Elapsed time 48.31mins (ETA N/A)	Epoch 1 Iteration 60	stroke-feature-loss	91.80278	stroke-style-loss	18.81896	stroke-content-loss	20.93424	stroke-tv-loss	126.94285	stroke-curvature-loss	0.65023

2022-05-27 12:19:30,540 [Thread-1    ] [INFO ]  05.27.22-11.23.36-1	 Elapsed time 55.93mins (ETA N/A)	Epoch 1 Iteration 70	stroke-feature-loss	91.84322	stroke-style-loss	17.93183	stroke-content-loss	21.01779	stroke-tv-loss	124.96958	stroke-curvature-loss	0.64528

2022-05-27 12:27:02,501 [Thread-1    ] [INFO ]  05.27.22-11.23.36-1	 Elapsed time 1.06hrs (ETA N/A)	Epoch 1 Iteration 80	stroke-feature-loss	91.35380	stroke-style-loss	17.22348	stroke-content-loss	21.08227	stroke-tv-loss	122.97482	stroke-curvature-loss	0.64055

2022-05-27 12:34:34,920 [Thread-1    ] [INFO ]  05.27.22-11.23.36-1	 Elapsed time 1.18hrs (ETA N/A)	Epoch 1 Iteration 90	stroke-feature-loss	90.78050	stroke-style-loss	16.62027	stroke-content-loss	21.13649	stroke-tv-loss	121.05080	stroke-curvature-loss	0.63599

2022-05-27 12:41:32,690 [MainThread  ] [INFO ]  Pretrained weights loaded successfully!

2022-05-27 12:41:36,699 [MainThread  ] [INFO ]  Optimizing pixel-wise canvas..

2022-05-27 12:41:42,873 [Thread-1    ] [INFO ]  05.27.22-11.23.36-1	 Elapsed time 1.30hrs (ETA N/A)	Epoch 1 Iteration 0	stroke-feature-loss	91.07093	stroke-style-loss	16.12371	stroke-content-loss	21.17919	stroke-tv-loss	119.28975	stroke-curvature-loss	0.63182	feature-loss	0.00000	pixel-style-loss	31758.23633	pixel-content-loss	29.60898

2022-05-27 12:42:22,514 [Thread-1    ] [INFO ]  05.27.22-11.23.36-1	 Elapsed time 1.31hrs (ETA N/A)	Epoch 1 Iteration 10	feature-loss	27.76045	pixel-style-loss	25383.74414	pixel-content-loss	32.87860

2022-05-27 12:42:58,478 [Thread-1    ] [INFO ]  05.27.22-11.23.36-1	 Elapsed time 1.32hrs (ETA N/A)	Epoch 1 Iteration 20	feature-loss	37.61002	pixel-style-loss	18424.95117	pixel-content-loss	40.61209

2022-05-27 12:43:34,062 [Thread-1    ] [INFO ]  05.27.22-11.23.36-1	 Elapsed time 1.33hrs (ETA N/A)	Epoch 1 Iteration 30	feature-loss	70.69895	pixel-style-loss	14649.59375	pixel-content-loss	46.22904

2022-05-27 12:44:09,747 [Thread-1    ] [INFO ]  05.27.22-11.23.36-1	 Elapsed time 1.34hrs (ETA N/A)	Epoch 1 Iteration 40	feature-loss	133.22387	pixel-style-loss	12077.59180	pixel-content-loss	50.96600

2022-05-27 12:44:45,325 [Thread-1    ] [INFO ]  05.27.22-11.23.36-1	 Elapsed time 1.35hrs (ETA N/A)	Epoch 1 Iteration 50	feature-loss	201.01372	pixel-style-loss	10338.24121	pixel-content-loss	55.18826

2022-05-27 12:45:21,336 [Thread-1    ] [INFO ]  05.27.22-11.23.36-1	 Elapsed time 1.36hrs (ETA N/A)	Epoch 1 Iteration 60	feature-loss	236.61564	pixel-style-loss	9151.64648	pixel-content-loss	58.72124

2022-05-27 12:45:58,156 [Thread-1    ] [INFO ]  05.27.22-11.23.36-1	 Elapsed time 1.37hrs (ETA N/A)	Epoch 1 Iteration 70	feature-loss	254.95078	pixel-style-loss	8287.43652	pixel-content-loss	61.65031

2022-05-27 12:46:33,828 [Thread-1    ] [INFO ]  05.27.22-11.23.36-1	 Elapsed time 1.38hrs (ETA N/A)	Epoch 1 Iteration 80	feature-loss	268.23524	pixel-style-loss	7628.43994	pixel-content-loss	64.27153

2022-05-27 12:47:09,622 [Thread-1    ] [INFO ]  05.27.22-11.23.36-1	 Elapsed time 1.39hrs (ETA N/A)	Epoch 1 Iteration 90	feature-loss	272.56993	pixel-style-loss	7106.34131	pixel-content-loss	66.70096

2022-05-27 12:47:45,570 [Thread-1    ] [INFO ]  05.27.22-11.23.36-1	 Elapsed time 1.40hrs (ETA N/A)	Epoch 1 Iteration 100	feature-loss	279.16243	pixel-style-loss	6679.22559	pixel-content-loss	68.93054

2022-05-27 12:48:21,402 [Thread-1    ] [INFO ]  05.27.22-11.23.36-1	 Elapsed time 1.41hrs (ETA N/A)	Epoch 1 Iteration 110	feature-loss	284.39826	pixel-style-loss	6318.20264	pixel-content-loss	70.95647

2022-05-27 12:48:57,093 [Thread-1    ] [INFO ]  05.27.22-11.23.36-1	 Elapsed time 1.42hrs (ETA N/A)	Epoch 1 Iteration 120	feature-loss	285.37853	pixel-style-loss	6007.22852	pixel-content-loss	72.83598

2022-05-27 12:49:32,794 [Thread-1    ] [INFO ]  05.27.22-11.23.36-1	 Elapsed time 1.43hrs (ETA N/A)	Epoch 1 Iteration 130	feature-loss	282.15572	pixel-style-loss	5734.37988	pixel-content-loss	74.58513

2022-05-27 12:50:08,443 [Thread-1    ] [INFO ]  05.27.22-11.23.36-1	 Elapsed time 1.44hrs (ETA N/A)	Epoch 1 Iteration 140	feature-loss	290.79970	pixel-style-loss	5492.15479	pixel-content-loss	76.25301

2022-05-27 12:50:44,246 [Thread-1    ] [INFO ]  05.27.22-11.23.36-1	 Elapsed time 1.45hrs (ETA N/A)	Epoch 1 Iteration 150	feature-loss	292.81381	pixel-style-loss	5274.48730	pixel-content-loss	77.84388

2022-05-27 12:51:19,854 [Thread-1    ] [INFO ]  05.27.22-11.23.36-1	 Elapsed time 1.46hrs (ETA N/A)	Epoch 1 Iteration 160	feature-loss	291.61144	pixel-style-loss	5076.52783	pixel-content-loss	79.39915

2022-05-27 12:51:55,598 [Thread-1    ] [INFO ]  05.27.22-11.23.36-1	 Elapsed time 1.47hrs (ETA N/A)	Epoch 1 Iteration 170	feature-loss	294.02758	pixel-style-loss	4898.04785	pixel-content-loss	80.87501

2022-05-27 12:52:31,333 [Thread-1    ] [INFO ]  05.27.22-11.23.36-1	 Elapsed time 1.48hrs (ETA N/A)	Epoch 1 Iteration 180	feature-loss	294.57682	pixel-style-loss	4730.72363	pixel-content-loss	82.27357

2022-05-27 12:53:07,195 [Thread-1    ] [INFO ]  05.27.22-11.23.36-1	 Elapsed time 1.49hrs (ETA N/A)	Epoch 1 Iteration 190	feature-loss	299.15072	pixel-style-loss	4576.52637	pixel-content-loss	83.58091

2022-05-27 12:53:38,665 [MainThread  ] [INFO ]  Finished!

2022-05-27 12:53:39,076 [Thread-1    ] [INFO ]  05.27.22-11.23.36-1	 Elapsed time 1.50hrs (ETA N/A)	Epoch 1 Iteration 200	feature-loss	297.06634	pixel-style-loss	4439.93945	pixel-content-loss	84.78801

