2022-06-03 09:59:33,451 [MainThread  ] [INFO ]  Result folder: results\nst-stroke\06.03.22-09.59.33-1

2022-06-03 09:59:36,863 [MainThread  ] [INFO ]  Pretrained weights loaded successfully!

2022-06-03 10:00:15,649 [MainThread  ] [INFO ]  Optimizing brushstroke-styled canvas..

2022-06-03 10:00:53,960 [Thread-1    ] [INFO ]  06.03.22-09.59.33-1	 Elapsed time 1.37mins (ETA N/A)	Epoch 1 Iteration 0	stroke-feature-loss	59.01370	stroke-style-loss	28.83100	stroke-content-loss	367.77182	stroke-tv-loss	138.91235	stroke-curvature-loss	0.68411

2022-06-03 10:07:55,714 [Thread-1    ] [INFO ]  06.03.22-09.59.33-1	 Elapsed time 8.40mins (ETA N/A)	Epoch 1 Iteration 10	stroke-feature-loss	68.16382	stroke-style-loss	19.35847	stroke-content-loss	385.94698	stroke-tv-loss	138.31735	stroke-curvature-loss	0.68324

2022-06-03 10:15:02,550 [Thread-1    ] [INFO ]  06.03.22-09.59.33-1	 Elapsed time 15.51mins (ETA N/A)	Epoch 1 Iteration 20	stroke-feature-loss	80.03813	stroke-style-loss	11.59637	stroke-content-loss	413.13733	stroke-tv-loss	137.23576	stroke-curvature-loss	0.68141

2022-06-03 10:22:13,281 [Thread-1    ] [INFO ]  06.03.22-09.59.33-1	 Elapsed time 22.69mins (ETA N/A)	Epoch 1 Iteration 30	stroke-feature-loss	86.25896	stroke-style-loss	8.82798	stroke-content-loss	429.53358	stroke-tv-loss	136.12236	stroke-curvature-loss	0.67925

2022-06-03 10:28:57,817 [Thread-1    ] [INFO ]  06.03.22-09.59.33-1	 Elapsed time 29.43mins (ETA N/A)	Epoch 1 Iteration 40	stroke-feature-loss	87.84554	stroke-style-loss	7.49003	stroke-content-loss	437.83052	stroke-tv-loss	135.03192	stroke-curvature-loss	0.67690

2022-06-03 10:35:50,795 [Thread-1    ] [INFO ]  06.03.22-09.59.33-1	 Elapsed time 36.32mins (ETA N/A)	Epoch 1 Iteration 50	stroke-feature-loss	88.79759	stroke-style-loss	6.68007	stroke-content-loss	442.04840	stroke-tv-loss	133.96095	stroke-curvature-loss	0.67449

2022-06-03 10:42:38,305 [Thread-1    ] [INFO ]  06.03.22-09.59.33-1	 Elapsed time 43.11mins (ETA N/A)	Epoch 1 Iteration 60	stroke-feature-loss	89.56246	stroke-style-loss	6.17977	stroke-content-loss	444.63611	stroke-tv-loss	132.89051	stroke-curvature-loss	0.67212

2022-06-03 10:49:44,296 [Thread-1    ] [INFO ]  06.03.22-09.59.33-1	 Elapsed time 50.21mins (ETA N/A)	Epoch 1 Iteration 70	stroke-feature-loss	90.81127	stroke-style-loss	5.85522	stroke-content-loss	446.37358	stroke-tv-loss	131.83769	stroke-curvature-loss	0.66977

2022-06-03 10:56:48,648 [Thread-1    ] [INFO ]  06.03.22-09.59.33-1	 Elapsed time 57.28mins (ETA N/A)	Epoch 1 Iteration 80	stroke-feature-loss	91.51939	stroke-style-loss	5.63075	stroke-content-loss	447.82216	stroke-tv-loss	130.83375	stroke-curvature-loss	0.66746

2022-06-03 11:04:14,288 [Thread-1    ] [INFO ]  06.03.22-09.59.33-1	 Elapsed time 1.08hrs (ETA N/A)	Epoch 1 Iteration 90	stroke-feature-loss	89.95124	stroke-style-loss	5.46787	stroke-content-loss	448.91908	stroke-tv-loss	129.83718	stroke-curvature-loss	0.66520

2022-06-03 11:10:45,357 [MainThread  ] [INFO ]  Pretrained weights loaded successfully!

2022-06-03 11:10:48,875 [MainThread  ] [INFO ]  Optimizing pixel-wise canvas..

2022-06-03 11:10:55,784 [Thread-1    ] [INFO ]  06.03.22-09.59.33-1	 Elapsed time 1.19hrs (ETA N/A)	Epoch 1 Iteration 0	stroke-feature-loss	89.47108	stroke-style-loss	5.34801	stroke-content-loss	449.74020	stroke-tv-loss	128.86710	stroke-curvature-loss	0.66307	feature-loss	0.00000	pixel-style-loss	10589.98145	pixel-content-loss	12.73788

2022-06-03 11:11:32,338 [Thread-1    ] [INFO ]  06.03.22-09.59.33-1	 Elapsed time 1.20hrs (ETA N/A)	Epoch 1 Iteration 10	feature-loss	38.12821	pixel-style-loss	8371.31836	pixel-content-loss	16.00351

2022-06-03 11:12:13,249 [Thread-1    ] [INFO ]  06.03.22-09.59.33-1	 Elapsed time 1.21hrs (ETA N/A)	Epoch 1 Iteration 20	feature-loss	75.37032	pixel-style-loss	6738.02051	pixel-content-loss	20.62389

2022-06-03 11:13:09,412 [Thread-1    ] [INFO ]  06.03.22-09.59.33-1	 Elapsed time 1.23hrs (ETA N/A)	Epoch 1 Iteration 30	feature-loss	136.38104	pixel-style-loss	5858.60938	pixel-content-loss	24.26742

2022-06-03 11:14:05,745 [Thread-1    ] [INFO ]  06.03.22-09.59.33-1	 Elapsed time 1.24hrs (ETA N/A)	Epoch 1 Iteration 40	feature-loss	169.37398	pixel-style-loss	5326.44971	pixel-content-loss	27.41666

2022-06-03 11:14:52,400 [Thread-1    ] [INFO ]  06.03.22-09.59.33-1	 Elapsed time 1.26hrs (ETA N/A)	Epoch 1 Iteration 50	feature-loss	198.27323	pixel-style-loss	4985.76270	pixel-content-loss	29.62955

2022-06-03 11:15:31,397 [Thread-1    ] [INFO ]  06.03.22-09.59.33-1	 Elapsed time 1.27hrs (ETA N/A)	Epoch 1 Iteration 60	feature-loss	224.52840	pixel-style-loss	4734.17090	pixel-content-loss	31.42650

2022-06-03 11:16:17,441 [Thread-1    ] [INFO ]  06.03.22-09.59.33-1	 Elapsed time 1.28hrs (ETA N/A)	Epoch 1 Iteration 70	feature-loss	226.99919	pixel-style-loss	4535.30371	pixel-content-loss	33.06395

2022-06-03 11:17:11,798 [Thread-1    ] [INFO ]  06.03.22-09.59.33-1	 Elapsed time 1.29hrs (ETA N/A)	Epoch 1 Iteration 80	feature-loss	229.15700	pixel-style-loss	4372.06982	pixel-content-loss	34.49327

2022-06-03 11:17:55,157 [Thread-1    ] [INFO ]  06.03.22-09.59.33-1	 Elapsed time 1.31hrs (ETA N/A)	Epoch 1 Iteration 90	feature-loss	243.27019	pixel-style-loss	4233.34424	pixel-content-loss	35.73415

2022-06-03 11:18:33,886 [Thread-1    ] [INFO ]  06.03.22-09.59.33-1	 Elapsed time 1.32hrs (ETA N/A)	Epoch 1 Iteration 100	feature-loss	252.26485	pixel-style-loss	4112.20215	pixel-content-loss	36.85885

2022-06-03 11:19:36,326 [Thread-1    ] [INFO ]  06.03.22-09.59.33-1	 Elapsed time 1.33hrs (ETA N/A)	Epoch 1 Iteration 110	feature-loss	238.15949	pixel-style-loss	4004.00977	pixel-content-loss	37.87189

2022-06-03 11:20:32,939 [Thread-1    ] [INFO ]  06.03.22-09.59.33-1	 Elapsed time 1.35hrs (ETA N/A)	Epoch 1 Iteration 120	feature-loss	224.71995	pixel-style-loss	3906.53906	pixel-content-loss	38.79530

2022-06-03 11:21:24,252 [Thread-1    ] [INFO ]  06.03.22-09.59.33-1	 Elapsed time 1.36hrs (ETA N/A)	Epoch 1 Iteration 130	feature-loss	223.56845	pixel-style-loss	3816.78052	pixel-content-loss	39.62614

2022-06-03 11:22:34,952 [Thread-1    ] [INFO ]  06.03.22-09.59.33-1	 Elapsed time 1.38hrs (ETA N/A)	Epoch 1 Iteration 140	feature-loss	222.36786	pixel-style-loss	3733.70312	pixel-content-loss	40.39945

2022-06-03 11:23:31,800 [Thread-1    ] [INFO ]  06.03.22-09.59.33-1	 Elapsed time 1.40hrs (ETA N/A)	Epoch 1 Iteration 150	feature-loss	216.97792	pixel-style-loss	3655.85205	pixel-content-loss	41.12814

2022-06-03 11:24:24,605 [Thread-1    ] [INFO ]  06.03.22-09.59.33-1	 Elapsed time 1.41hrs (ETA N/A)	Epoch 1 Iteration 160	feature-loss	218.85853	pixel-style-loss	3582.02856	pixel-content-loss	41.78418

2022-06-03 11:25:28,174 [Thread-1    ] [INFO ]  06.03.22-09.59.33-1	 Elapsed time 1.43hrs (ETA N/A)	Epoch 1 Iteration 170	feature-loss	197.54477	pixel-style-loss	3511.37573	pixel-content-loss	42.41219

2022-06-03 11:26:20,961 [Thread-1    ] [INFO ]  06.03.22-09.59.33-1	 Elapsed time 1.45hrs (ETA N/A)	Epoch 1 Iteration 180	feature-loss	208.55251	pixel-style-loss	3442.66919	pixel-content-loss	43.02523

2022-06-03 11:27:03,509 [Thread-1    ] [INFO ]  06.03.22-09.59.33-1	 Elapsed time 1.46hrs (ETA N/A)	Epoch 1 Iteration 190	feature-loss	198.87979	pixel-style-loss	3375.45435	pixel-content-loss	43.57867

2022-06-03 11:27:43,389 [MainThread  ] [INFO ]  Finished!

2022-06-03 11:27:43,932 [Thread-1    ] [INFO ]  06.03.22-09.59.33-1	 Elapsed time 1.47hrs (ETA N/A)	Epoch 1 Iteration 200	feature-loss	199.37346	pixel-style-loss	3312.87891	pixel-content-loss	44.09858

